#
# There is insufficient memory for the Java Runtime Environment to continue.
# Native memory allocation (mmap) failed to map 125829120 bytes for Failed to commit area from 0x0000000089400000 to 0x0000000090c00000 of length 125829120.
# Possible reasons:
#   The system is out of physical RAM or swap space
#   The process is running with CompressedOops enabled, and the Java Heap may be blocking the growth of the native heap
# Possible solutions:
#   Reduce memory load on the system
#   Increase physical memory or swap space
#   Check if swap backing store is full
#   Decrease Java heap size (-Xmx/-Xms)
#   Decrease number of Java threads
#   Decrease Java thread stack sizes (-Xss)
#   Set larger code cache with -XX:ReservedCodeCacheSize=
# This output file may be truncated or incomplete.
#
#  Out of Memory Error (./src/hotspot/os/windows/os_windows.cpp:3380), pid=19368, tid=9036
#
# JRE version:  (11.0.12+7) (build )
# Java VM: OpenJDK 64-Bit Server VM (11.0.12+7, mixed mode, sharing, tiered, compressed oops, g1 gc, windows-amd64)
# No core dump will be written. Minidumps are not enabled by default on client versions of Windows
#

---------------  S U M M A R Y ------------

Command Line: com.xamarin.androidx.jetifierWrapper.Main -intermediate obj\Debug\130\androidx\_AndroidXJetifyManifest.jetify -parallel

Host: AMD Ryzen 7 4700U with Radeon Graphics         , 8 cores, 7G,  Windows 10 , 64 bit Build 22621 (10.0.22621.1635)
Time: Sun Jun  4 19:23:42 2023 Hora est. Pacífico, Sudamérica elapsed time: 0.014818 seconds (0d 0h 0m 0s)

---------------  T H R E A D  ---------------

Current thread (0x00000200af406800):  JavaThread "Unknown thread" [_thread_in_vm, id=9036, stack(0x0000006bb0200000,0x0000006bb0300000)]

Stack: [0x0000006bb0200000,0x0000006bb0300000]
Native frames: (J=compiled Java code, j=interpreted, Vv=VM code, C=native code)
V  [jvm.dll+0x6090fa]
V  [jvm.dll+0x79229e]
V  [jvm.dll+0x79396f]
V  [jvm.dll+0x794033]
V  [jvm.dll+0x24bed8]
V  [jvm.dll+0x60624a]
V  [jvm.dll+0x5facf5]
V  [jvm.dll+0x303b5c]
V  [jvm.dll+0x3039e2]
V  [jvm.dll+0x308706]
V  [jvm.dll+0x34d5cf]
V  [jvm.dll+0x34d000]
V  [jvm.dll+0x2e0c68]
V  [jvm.dll+0x2e1dc6]
V  [jvm.dll+0x76d627]
V  [jvm.dll+0x76edaf]
V  [jvm.dll+0x35a359]
V  [jvm.dll+0x750710]
V  [jvm.dll+0x3c1f8f]
V  [jvm.dll+0x3c4461]
C  [jli.dll+0x5207]
C  [ucrtbase.dll+0x29363]
C  [KERNEL32.DLL+0x126ad]
C  [ntdll.dll+0x5a9f8]


---------------  P R O C E S S  ---------------

Threads class SMR info:
_java_thread_list=0x00000200ad1b1dd0, length=0, elements={
}

Java Threads: ( => current thread )

Other Threads:
  0x00000200af41f800 GCTaskThread "GC Thread#0" [stack: 0x0000006bb0300000,0x0000006bb0400000] [id=19972]
  0x00000200af456800 ConcurrentGCThread "G1 Main Marker" [stack: 0x0000006bb0400000,0x0000006bb0500000] [id=26440]
  0x00000200af458800 ConcurrentGCThread "G1 Conc#0" [stack: 0x0000006bb0500000,0x0000006bb0600000] [id=20940]

[error occurred during error reporting (printing all threads), id 0xc0000005, EXCEPTION_ACCESS_VIOLATION (0xc0000005) at pc=0x00007ffe40450337]

VM state:not at safepoint (not fully initialized)

VM Mutex/Monitor currently owned by a thread:  ([mutex/lock_event])
[0x00000200af403530] Heap_lock - owner thread: 0x00000200af406800

Heap address: 0x0000000089400000, size: 1900 MB, Compressed Oops mode: Non-zero based: 0x0000000089400000
Narrow klass base: 0x0000000000000000, Narrow klass shift: 0

GC Heap History (0 events):
No events

Deoptimization events (0 events):
No events

Classes redefined (0 events):
No events

Internal exceptions (0 events):
No events

Events (1 events):
Event: 0.008 Loaded shared library C:\Program Files\Microsoft\jdk-11.0.12.7-hotspot\bin\zip.dll


Dynamic libraries:
0x00007ff7f2e10000 - 0x00007ff7f2e1d000 	C:\Program Files\Microsoft\jdk-11.0.12.7-hotspot\bin\java.exe
0x00007fff148b0000 - 0x00007fff14ac4000 	C:\WINDOWS\SYSTEM32\ntdll.dll
0x00007fff143a0000 - 0x00007fff14462000 	C:\WINDOWS\System32\KERNEL32.DLL
0x00007fff12300000 - 0x00007fff126a3000 	C:\WINDOWS\System32\KERNELBASE.dll
0x00007fff12080000 - 0x00007fff12191000 	C:\WINDOWS\System32\ucrtbase.dll
0x00007fff0b680000 - 0x00007fff0b697000 	C:\Program Files\Microsoft\jdk-11.0.12.7-hotspot\bin\jli.dll
0x00007fff09740000 - 0x00007fff09755000 	C:\Program Files\Microsoft\jdk-11.0.12.7-hotspot\bin\VCRUNTIME140.dll
0x00007fff126b0000 - 0x00007fff1285b000 	C:\WINDOWS\System32\USER32.dll
0x00007fff00a00000 - 0x00007fff00c8e000 	C:\WINDOWS\WinSxS\amd64_microsoft.windows.common-controls_6595b64144ccf1df_6.0.22621.1635_none_270f70857386168e\COMCTL32.dll
0x00007fff11e60000 - 0x00007fff11e86000 	C:\WINDOWS\System32\win32u.dll
0x00007fff14840000 - 0x00007fff14869000 	C:\WINDOWS\System32\GDI32.dll
0x00007fff14290000 - 0x00007fff14337000 	C:\WINDOWS\System32\msvcrt.dll
0x00007fff11d40000 - 0x00007fff11e58000 	C:\WINDOWS\System32\gdi32full.dll
0x00007fff12260000 - 0x00007fff122fa000 	C:\WINDOWS\System32\msvcp_win.dll
0x00007fff141f0000 - 0x00007fff14221000 	C:\WINDOWS\System32\IMM32.DLL
0x00007ffee11c0000 - 0x00007ffee125b000 	C:\Program Files\Microsoft\jdk-11.0.12.7-hotspot\bin\msvcp140.dll
0x00007ffe40160000 - 0x00007ffe40cc1000 	C:\Program Files\Microsoft\jdk-11.0.12.7-hotspot\bin\server\jvm.dll
0x00007fff131c0000 - 0x00007fff1326e000 	C:\WINDOWS\System32\ADVAPI32.dll
0x00007fff14780000 - 0x00007fff14824000 	C:\WINDOWS\System32\sechost.dll
0x00007fff13790000 - 0x00007fff138a7000 	C:\WINDOWS\System32\RPCRT4.dll
0x00007fff13780000 - 0x00007fff13788000 	C:\WINDOWS\System32\PSAPI.DLL
0x00007fff0b500000 - 0x00007fff0b50a000 	C:\WINDOWS\SYSTEM32\VERSION.dll
0x00007ffef41b0000 - 0x00007ffef41b9000 	C:\WINDOWS\SYSTEM32\WSOCK32.dll
0x00007fff0b4c0000 - 0x00007fff0b4f4000 	C:\WINDOWS\SYSTEM32\WINMM.dll
0x00007fff12860000 - 0x00007fff128d1000 	C:\WINDOWS\System32\WS2_32.dll
0x00007fff10e10000 - 0x00007fff10e28000 	C:\WINDOWS\SYSTEM32\kernel.appcore.dll
0x00007ffef9390000 - 0x00007ffef93a0000 	C:\Program Files\Microsoft\jdk-11.0.12.7-hotspot\bin\verify.dll
0x00007fff0f5e0000 - 0x00007fff0f80e000 	C:\WINDOWS\SYSTEM32\DBGHELP.DLL
0x00007fff13e60000 - 0x00007fff141e9000 	C:\WINDOWS\System32\combase.dll
0x00007fff130e0000 - 0x00007fff131b7000 	C:\WINDOWS\System32\OLEAUT32.dll
0x00007ffeffb30000 - 0x00007ffeffb62000 	C:\WINDOWS\SYSTEM32\dbgcore.DLL
0x00007fff12000000 - 0x00007fff1207b000 	C:\WINDOWS\System32\bcryptPrimitives.dll
0x00007ffef9360000 - 0x00007ffef9388000 	C:\Program Files\Microsoft\jdk-11.0.12.7-hotspot\bin\java.dll
0x00007ffef2c00000 - 0x00007ffef2c0a000 	C:\Program Files\Microsoft\jdk-11.0.12.7-hotspot\bin\jimage.dll
0x00007ffef2be0000 - 0x00007ffef2bf7000 	C:\Program Files\Microsoft\jdk-11.0.12.7-hotspot\bin\zip.dll

dbghelp: loaded successfully - version: 4.0.5 - missing functions: none
symbol engine: initialized successfully - sym options: 0x614 - pdb path: .;C:\Program Files\Microsoft\jdk-11.0.12.7-hotspot\bin;C:\WINDOWS\SYSTEM32;C:\WINDOWS\WinSxS\amd64_microsoft.windows.common-controls_6595b64144ccf1df_6.0.22621.1635_none_270f70857386168e;C:\Program Files\Microsoft\jdk-11.0.12.7-hotspot\bin\server

VM Arguments:
java_command: com.xamarin.androidx.jetifierWrapper.Main -intermediate obj\Debug\130\androidx\_AndroidXJetifyManifest.jetify -parallel
java_class_path (initial): C:\Users\USUARIO\.nuget\packages\xamarin.androidx.migration\1.0.8\buildTransitive\monoandroid90\Tools/JetifierWrapper/jetifierWrapper-1.0.jar
Launcher Type: SUN_STANDARD

[Global flags]
     intx CICompilerCount                          = 4                                         {product} {ergonomic}
     uint ConcGCThreads                            = 2                                         {product} {ergonomic}
     uint G1ConcRefinementThreads                  = 8                                         {product} {ergonomic}
   size_t G1HeapRegionSize                         = 1048576                                   {product} {ergonomic}
    uintx GCDrainStackTargetSize                   = 64                                        {product} {ergonomic}
   size_t InitialHeapSize                          = 125829120                                 {product} {ergonomic}
   size_t MarkStackSize                            = 4194304                                   {product} {ergonomic}
   size_t MaxHeapSize                              = 1992294400                                {product} {ergonomic}
   size_t MinHeapDeltaBytes                        = 1048576                                   {product} {ergonomic}
    uintx NonNMethodCodeHeapSize                   = 5836300                                {pd product} {ergonomic}
    uintx NonProfiledCodeHeapSize                  = 122910970                              {pd product} {ergonomic}
    uintx ProfiledCodeHeapSize                     = 122910970                              {pd product} {ergonomic}
    uintx ReservedCodeCacheSize                    = 251658240                              {pd product} {ergonomic}
     bool SegmentedCodeCache                       = true                                      {product} {ergonomic}
     bool UseCompressedClassPointers               = true                                 {lp64_product} {ergonomic}
     bool UseCompressedOops                        = true                                 {lp64_product} {ergonomic}
     bool UseG1GC                                  = true                                      {product} {ergonomic}
     bool UseLargePagesIndividualAllocation        = false                                  {pd product} {ergonomic}

Logging:
Log output configuration:
 #0: stdout all=warning uptime,level,tags
 #1: stderr all=off uptime,level,tags

Environment Variables:
PATH=C:\Program Files\Microsoft\jdk-11.0.12.7-hotspot\bin;C:\Program Files\Common Files\Oracle\Java\javapath;C:\WINDOWS\system32;C:\WINDOWS;C:\WINDOWS\System32\Wbem;C:\WINDOWS\System32\WindowsPowerShell\v1.0\;C:\WINDOWS\System32\OpenSSH\;C:\Program Files\dotnet\;C:\Program Files\nodejs\;C:\Program Files\MongoDB\Server\6.0\bin;C:\Users\USUARIO\AppData\Local\Programs\mongosh;C:\Program Files\Git\cmd;C:\Program Files\GitHub CLI\;C:\Program Files\Docker\Docker\resources\bin;C:\Users\USUARIO\AppData\Local\Programs\Python\Python311\Scripts\;C:\Users\USUARIO\AppData\Local\Programs\Python\Python311\;C:\Program Files\MySQL\MySQL Shell 8.0\bin\;C:\Users\USUARIO\AppData\Local\Microsoft\WindowsApps;C:\Users\USUARIO\AppData\Local\Programs\Microsoft VS Code\bin;C:\Users\USUARIO\.dotnet\tools;C:\Users\USUARIO\AppData\Roaming\npm;C:\Users\USUARIO\AppData\Local\Programs\mongosh\;C:\Users\USUARIO\Downloads\flutter\bin;
USERNAME=USUARIO
OS=Windows_NT
PROCESSOR_IDENTIFIER=AMD64 Family 23 Model 96 Stepping 1, AuthenticAMD



---------------  S Y S T E M  ---------------

OS: Windows 10 , 64 bit Build 22621 (10.0.22621.1635)
OS uptime: 4 days 13:08 hours

CPU:total 8 (initial active 8) (8 cores per cpu, 1 threads per core) family 23 model 96 stepping 1 microcode 0x0, cmov, cx8, fxsr, mmx, sse, sse2, sse3, ssse3, sse4.1, sse4.2, popcnt, avx, avx2, aes, clmul, mmxext, 3dnowpref, lzcnt, sse4a, tsc, tscinvbit, tscinv, bmi1, bmi2, adx, sha, fma

Memory: 4k page, system-wide physical 7599M (322M free)
TotalPageFile size 31132M (AvailPageFile size 60M)
current process WorkingSet (physical memory assigned to process): 10M, peak: 10M
current process commit charge ("private bytes"): 60M, peak: 180M

vm_info: OpenJDK 64-Bit Server VM (11.0.12+7) for windows-amd64 JRE (11.0.12+7), built on Jul 21 2021 15:41:43 by "" with unknown MS VC++:1916

END.
